2024-12-24T09:59:15.016Z [error] api delete users: 
Invalid `prisma.user.delete()` invocation:


An operation failed because it depends on one or more records that were required but not found. Record to delete does not exist.
2024-12-24T09:59:15.017Z [error] api delete users: 
Invalid `prisma.user.delete()` invocation:


An operation failed because it depends on one or more records that were required but not found. Record to delete does not exist.
2024-12-24T10:02:14.535Z [error] api delete users: 
Invalid `prisma.user.delete()` invocation:


An operation failed because it depends on one or more records that were required but not found. Record to delete does not exist.
2024-12-24T10:02:14.537Z [error] api delete users: 
Invalid `prisma.user.delete()` invocation:


An operation failed because it depends on one or more records that were required but not found. Record to delete does not exist.
2024-12-24T10:10:43.829Z [error] api post roles: 
Invalid `prisma.role.create()` invocation:


Operations timed out after `N/A`. Context: The database failed to respond to a query within the configured timeout — see https://pris.ly/d/sqlite-connector for more details. Database: C:\NeussHMI\Backend\prisma\./dev.db
2024-12-24T10:10:43.831Z [error] api post roles: 
Invalid `prisma.role.create()` invocation:


Operations timed out after `N/A`. Context: The database failed to respond to a query within the configured timeout — see https://pris.ly/d/sqlite-connector for more details. Database: C:\NeussHMI\Backend\prisma\./dev.db
2024-12-24T10:10:59.181Z [error] api post roles: 
Invalid `prisma.role.create()` invocation:


Operations timed out after `N/A`. Context: The database failed to respond to a query within the configured timeout — see https://pris.ly/d/sqlite-connector for more details. Database: C:\NeussHMI\Backend\prisma\./dev.db
2024-12-24T10:10:59.184Z [error] api post roles: 
Invalid `prisma.role.create()` invocation:


Operations timed out after `N/A`. Context: The database failed to respond to a query within the configured timeout — see https://pris.ly/d/sqlite-connector for more details. Database: C:\NeussHMI\Backend\prisma\./dev.db
2024-12-24T10:13:24.907Z [error] api delete roles: 
Invalid `prisma.role.delete()` invocation:


An operation failed because it depends on one or more records that were required but not found. Record to delete does not exist.
2024-12-24T10:13:24.909Z [error] api delete roles: 
Invalid `prisma.role.delete()` invocation:


An operation failed because it depends on one or more records that were required but not found. Record to delete does not exist.
2024-12-24T10:13:35.851Z [error] api delete roles: 
Invalid `prisma.role.delete()` invocation:


An operation failed because it depends on one or more records that were required but not found. Record to delete does not exist.
2024-12-24T10:13:35.853Z [error] api delete roles: 
Invalid `prisma.role.delete()` invocation:


An operation failed because it depends on one or more records that were required but not found. Record to delete does not exist.
2024-12-28T10:56:33.233Z [error] api post groups: 
Invalid `prisma.group.create()` invocation:


Unique constraint failed on the fields: (`name`)
2024-12-28T10:56:33.237Z [error] api post groups: 
Invalid `prisma.group.create()` invocation:


Unique constraint failed on the fields: (`name`)
2024-12-28T12:15:05.727Z [error] api create project: 
Invalid `prisma.project.create()` invocation:


Unique constraint failed on the fields: (`name`,`userId`)
