2024-12-24T08:38:04.139Z [info] Fetched all projects successfully
2024-12-24T09:35:30.541Z [info] UserController successfully initialized with runtime, secureFnc, and checkGroupsFnc.
2024-12-24T09:35:40.111Z [info] UserController successfully initialized with runtime, secureFnc, and checkGroupsFnc.
2024-12-24T09:40:20.847Z [info] UserController successfully initialized with runtime, secureFnc, and checkGroupsFnc.
2024-12-24T09:40:47.694Z [info] UserController successfully initialized with runtime, secureFnc, and checkGroupsFnc.
2024-12-24T09:41:10.080Z [info] UserController successfully initialized with runtime, secureFnc, and checkGroupsFnc.
2024-12-24T09:41:22.566Z [info] UserController successfully initialized with runtime, secureFnc, and checkGroupsFnc.
2024-12-24T09:41:31.009Z [warn] Role not found: "admin"
2024-12-24T09:43:36.161Z [info] User created successfully: johndoe
2024-12-24T09:44:04.506Z [info] Fetched all users successfully
2024-12-24T09:47:56.917Z [info] UserController successfully initialized with runtime, secureFnc, and checkGroupsFnc.
2024-12-24T09:48:37.156Z [info] UserController successfully initialized with runtime, secureFnc, and checkGroupsFnc.
2024-12-24T09:49:30.214Z [info] UserController successfully initialized with runtime, secureFnc, and checkGroupsFnc.
2024-12-24T09:49:39.161Z [info] Fetched all users successfully
2024-12-24T09:50:07.967Z [warn] User creation failed: username "johndoe" already exists
2024-12-24T09:50:20.769Z [info] User created successfully: jraaan
2024-12-24T09:50:53.758Z [info] Fetched all users successfully
2024-12-24T09:59:15.016Z [error] api delete users: 
Invalid `prisma.user.delete()` invocation:


An operation failed because it depends on one or more records that were required but not found. Record to delete does not exist.
2024-12-24T09:59:15.017Z [error] api delete users: 
Invalid `prisma.user.delete()` invocation:


An operation failed because it depends on one or more records that were required but not found. Record to delete does not exist.
2024-12-24T10:02:14.535Z [error] api delete users: 
Invalid `prisma.user.delete()` invocation:


An operation failed because it depends on one or more records that were required but not found. Record to delete does not exist.
2024-12-24T10:02:14.537Z [error] api delete users: 
Invalid `prisma.user.delete()` invocation:


An operation failed because it depends on one or more records that were required but not found. Record to delete does not exist.
2024-12-24T10:03:02.986Z [info] UserController successfully initialized with runtime, secureFnc, and checkGroupsFnc.
2024-12-24T10:03:52.071Z [info] UserController successfully initialized with runtime, secureFnc, and checkGroupsFnc.
2024-12-24T10:03:56.454Z [warn] User with ID undefined not found
2024-12-24T10:05:10.278Z [warn] User with ID undefined not found
2024-12-24T10:07:27.401Z [info] User deleted successfully: 5e01c942-b3e8-4874-b872-45ca1b71755f
2024-12-24T10:09:47.381Z [info] Fetched all roles successfully
2024-12-24T10:10:33.219Z [info] Fetched all roles successfully
2024-12-24T10:10:43.829Z [error] api post roles: 
Invalid `prisma.role.create()` invocation:


Operations timed out after `N/A`. Context: The database failed to respond to a query within the configured timeout — see https://pris.ly/d/sqlite-connector for more details. Database: C:\NeussHMI\Backend\prisma\./dev.db
2024-12-24T10:10:43.831Z [error] api post roles: 
Invalid `prisma.role.create()` invocation:


Operations timed out after `N/A`. Context: The database failed to respond to a query within the configured timeout — see https://pris.ly/d/sqlite-connector for more details. Database: C:\NeussHMI\Backend\prisma\./dev.db
2024-12-24T10:10:59.181Z [error] api post roles: 
Invalid `prisma.role.create()` invocation:


Operations timed out after `N/A`. Context: The database failed to respond to a query within the configured timeout — see https://pris.ly/d/sqlite-connector for more details. Database: C:\NeussHMI\Backend\prisma\./dev.db
2024-12-24T10:10:59.184Z [error] api post roles: 
Invalid `prisma.role.create()` invocation:


Operations timed out after `N/A`. Context: The database failed to respond to a query within the configured timeout — see https://pris.ly/d/sqlite-connector for more details. Database: C:\NeussHMI\Backend\prisma\./dev.db
2024-12-24T10:12:37.779Z [info] Role created successfully: viewer
2024-12-24T10:13:24.907Z [error] api delete roles: 
Invalid `prisma.role.delete()` invocation:


An operation failed because it depends on one or more records that were required but not found. Record to delete does not exist.
2024-12-24T10:13:24.909Z [error] api delete roles: 
Invalid `prisma.role.delete()` invocation:


An operation failed because it depends on one or more records that were required but not found. Record to delete does not exist.
2024-12-24T10:13:35.851Z [error] api delete roles: 
Invalid `prisma.role.delete()` invocation:


An operation failed because it depends on one or more records that were required but not found. Record to delete does not exist.
2024-12-24T10:13:35.853Z [error] api delete roles: 
Invalid `prisma.role.delete()` invocation:


An operation failed because it depends on one or more records that were required but not found. Record to delete does not exist.
2024-12-24T10:14:24.837Z [info] Role deleted successfully: 6458f861-15f6-4d91-9dc2-8b5ab3962250
2024-12-24T10:23:17.500Z [info] UserController successfully initialized with runtime, secureFnc, and checkGroupsFnc.
2024-12-24T10:24:47.055Z [info] UserController successfully initialized with runtime, secureFnc, and checkGroupsFnc.
2024-12-24T10:27:36.007Z [info] UserController successfully initialized with runtime, secureFnc, and checkGroupsFnc.
2024-12-24T10:27:53.114Z [info] UserController successfully initialized with runtime, secureFnc, and checkGroupsFnc.
2024-12-24T10:30:58.623Z [info] UserController successfully initialized with runtime, secureFnc, and checkGroupsFnc.
2024-12-24T10:31:43.927Z [info] UserController successfully initialized with runtime, secureFnc, and checkGroupsFnc.
2024-12-24T10:31:49.169Z [info] UserController successfully initialized with runtime, secureFnc, and checkGroupsFnc.
2024-12-24T10:31:56.050Z [info] UserController successfully initialized with runtime, secureFnc, and checkGroupsFnc.
2024-12-24T10:31:56.774Z [info] Group created successfully: operator
2024-12-24T10:32:42.030Z [warn] Validation failed: username is missing or invalid
2024-12-24T10:33:19.518Z [warn] Validation failed: email is missing or invalid
2024-12-24T10:33:48.199Z [warn] Validation failed: password is missing or too short
2024-12-24T10:34:16.391Z [warn] Validation failed: group is missing or invalid
2024-12-24T10:35:13.016Z [info] User created successfully: johndoe
2024-12-24T11:17:09.442Z [info] UserController successfully initialized with runtime, secureFnc, and checkGroupsFnc.
2024-12-24T11:19:39.167Z [info] UserController successfully initialized with runtime, secureFnc, and checkGroupsFnc.
2024-12-24T11:20:20.986Z [info] UserController successfully initialized with runtime, secureFnc, and checkGroupsFnc.
2024-12-24T11:22:08.871Z [info] UserController successfully initialized with runtime, secureFnc, and checkGroupsFnc.
2024-12-24T11:22:41.684Z [info] UserController successfully initialized with runtime, secureFnc, and checkGroupsFnc.
2024-12-24T11:26:35.985Z [info] UserController successfully initialized with runtime, secureFnc, and checkGroupsFnc.
2024-12-24T11:27:54.470Z [info] UserController successfully initialized with runtime, secureFnc, and checkGroupsFnc.
2024-12-24T11:30:40.091Z [info] UserController successfully initialized with runtime, secureFnc, and checkGroupsFnc.
2024-12-24T11:30:54.988Z [info] UserController successfully initialized with runtime, secureFnc, and checkGroupsFnc.
2024-12-24T11:37:01.791Z [info] UserController successfully initialized with runtime, secureFnc, and checkGroupsFnc.
2024-12-24T11:37:24.829Z [info] UserController successfully initialized with runtime, secureFnc, and checkGroupsFnc.
2024-12-24T11:37:34.470Z [info] UserController successfully initialized with runtime, secureFnc, and checkGroupsFnc.
2024-12-24T11:43:19.875Z [info] UserController successfully initialized with runtime, secureFnc, and checkGroupsFnc.
2024-12-24T11:43:32.983Z [info] UserController successfully initialized with runtime, secureFnc, and checkGroupsFnc.
2024-12-24T11:43:40.512Z [info] UserController successfully initialized with runtime, secureFnc, and checkGroupsFnc.
2024-12-24T11:44:07.134Z [info] UserController successfully initialized with runtime, secureFnc, and checkGroupsFnc.
2024-12-24T11:46:36.703Z [info] UserController successfully initialized with runtime, secureFnc, and checkGroupsFnc.
2024-12-24T11:46:49.132Z [info] UserController successfully initialized with runtime, secureFnc, and checkGroupsFnc.
2024-12-24T11:48:43.590Z [info] UserController successfully initialized with runtime, secureFnc, and checkGroupsFnc.
2024-12-24T11:56:17.727Z [info] UserController successfully initialized with runtime, secureFnc, and checkGroupsFnc.
2024-12-24T11:58:10.922Z [info] UserController successfully initialized with runtime, secureFnc, and checkGroupsFnc.
2024-12-24T11:58:22.513Z [info] UserController successfully initialized with runtime, secureFnc, and checkGroupsFnc.
2024-12-24T11:58:49.108Z [info] UserController successfully initialized with runtime, secureFnc, and checkGroupsFnc.
2024-12-24T12:10:38.328Z [info] UserController successfully initialized with runtime, secureFnc, and checkGroupsFnc.
2024-12-24T12:21:24.796Z [info] UserController successfully initialized with runtime, secureFnc, and checkGroupsFnc.
2024-12-24T16:00:33.704Z [info] UserController successfully initialized with runtime, secureFnc, and checkGroupsFnc.
2024-12-24T16:02:05.234Z [info] UserController successfully initialized with runtime, secureFnc, and checkGroupsFnc.
2024-12-24T16:02:18.002Z [info] UserController successfully initialized with runtime, secureFnc, and checkGroupsFnc.
2024-12-24T16:07:36.736Z [info] UserController successfully initialized with runtime, secureFnc, and checkGroupsFnc.
2024-12-24T16:08:19.194Z [info] UserController successfully initialized with runtime, secureFnc, and checkGroupsFnc.
2024-12-24T16:14:05.607Z [info] UserController successfully initialized with runtime, secureFnc, and checkGroupsFnc.
2024-12-24T16:14:30.387Z [info] UserController successfully initialized with runtime, secureFnc, and checkGroupsFnc.
2024-12-24T16:16:58.272Z [info] UserController successfully initialized with runtime, secureFnc, and checkGroupsFnc.
2024-12-24T16:18:11.048Z [info] UserController successfully initialized with runtime, secureFnc, and checkGroupsFnc.
2024-12-24T16:18:18.155Z [info] UserController successfully initialized with runtime, secureFnc, and checkGroupsFnc.
2024-12-24T16:18:21.810Z [info] UserController successfully initialized with runtime, secureFnc, and checkGroupsFnc.
2024-12-24T16:18:59.446Z [info] UserController successfully initialized with runtime, secureFnc, and checkGroupsFnc.
2024-12-24T16:19:08.267Z [info] UserController successfully initialized with runtime, secureFnc, and checkGroupsFnc.
2024-12-24T16:19:13.156Z [info] UserController successfully initialized with runtime, secureFnc, and checkGroupsFnc.
2024-12-24T16:19:20.880Z [info] UserController successfully initialized with runtime, secureFnc, and checkGroupsFnc.
2024-12-24T16:19:29.738Z [info] UserController successfully initialized with runtime, secureFnc, and checkGroupsFnc.
2024-12-24T16:19:53.650Z [info] UserController successfully initialized with runtime, secureFnc, and checkGroupsFnc.
2024-12-24T16:28:10.107Z [info] UserController successfully initialized with runtime, secureFnc, and checkGroupsFnc.
2024-12-24T16:29:30.350Z [info] UserController successfully initialized with runtime, secureFnc, and checkGroupsFnc.
2024-12-24T16:30:57.389Z [info] UserController successfully initialized with runtime, secureFnc, and checkGroupsFnc.
2024-12-24T16:31:47.855Z [info] UserController successfully initialized with runtime, secureFnc, and checkGroupsFnc.
2024-12-24T16:32:42.608Z [info] UserController successfully initialized with runtime, secureFnc, and checkGroupsFnc.
2024-12-24T16:36:06.976Z [info] UserController successfully initialized with runtime, secureFnc, and checkGroupsFnc.
2024-12-24T16:36:25.849Z [info] UserController successfully initialized with runtime, secureFnc, and checkGroupsFnc.
2024-12-24T16:37:04.131Z [info] UserController successfully initialized with runtime, secureFnc, and checkGroupsFnc.
2024-12-24T16:37:09.232Z [info] UserController successfully initialized with runtime, secureFnc, and checkGroupsFnc.
2024-12-24T16:37:24.664Z [info] UserController successfully initialized with runtime, secureFnc, and checkGroupsFnc.
2024-12-24T16:42:21.185Z [info] UserController successfully initialized with runtime, secureFnc, and checkGroupsFnc.
2024-12-24T16:42:53.656Z [info] UserController successfully initialized with runtime, secureFnc, and checkGroupsFnc.
2024-12-24T16:43:11.079Z [info] UserController successfully initialized with runtime, secureFnc, and checkGroupsFnc.
2024-12-24T17:05:33.067Z [info] UserController successfully initialized with runtime, secureFnc, and checkGroupsFnc.
2024-12-24T17:10:34.328Z [info] UserController successfully initialized with runtime, secureFnc, and checkGroupsFnc.
2024-12-24T17:41:32.798Z [info] UserController successfully initialized with runtime, secureFnc, and checkGroupsFnc.
2024-12-24T17:48:33.931Z [info] UserController successfully initialized with runtime, secureFnc, and checkGroupsFnc.
2024-12-24T17:48:44.132Z [info] UserController successfully initialized with runtime, secureFnc, and checkGroupsFnc.
2024-12-24T17:57:39.827Z [info] UserController successfully initialized with runtime, secureFnc, and checkGroupsFnc.
2024-12-24T17:58:13.437Z [info] UserController successfully initialized with runtime, secureFnc, and checkGroupsFnc.
2024-12-24T17:59:23.599Z [info] UserController successfully initialized with runtime, secureFnc, and checkGroupsFnc.
2024-12-24T18:04:56.728Z [info] UserController successfully initialized with runtime, secureFnc, and checkGroupsFnc.
2024-12-24T18:05:26.722Z [info] UserController successfully initialized with runtime, secureFnc, and checkGroupsFnc.
2024-12-24T18:07:54.945Z [info] UserController successfully initialized with runtime, secureFnc, and checkGroupsFnc.
2024-12-24T18:13:19.255Z [info] UserController successfully initialized with runtime, secureFnc, and checkGroupsFnc.
2024-12-24T18:17:01.555Z [info] UserController successfully initialized with runtime, secureFnc, and checkGroupsFnc.
2024-12-24T18:22:15.836Z [info] UserController successfully initialized with runtime, secureFnc, and checkGroupsFnc.
2024-12-24T18:23:47.631Z [info] UserController successfully initialized with runtime, secureFnc, and checkGroupsFnc.
2024-12-26T07:18:49.204Z [info] UserController successfully initialized with runtime, secureFnc, and checkGroupsFnc.
2024-12-26T07:54:36.091Z [info] UserController successfully initialized with runtime, secureFnc, and checkGroupsFnc.
2024-12-26T07:55:13.686Z [info] UserController successfully initialized with runtime, secureFnc, and checkGroupsFnc.
2024-12-28T06:57:53.742Z [info] UserController successfully initialized with runtime, secureFnc, and checkGroupsFnc.
2024-12-28T06:58:08.614Z [info] UserController successfully initialized with runtime, secureFnc, and checkGroupsFnc.
2024-12-28T06:58:59.211Z [info] Created new project: My New Project for user: 12345678-1234-1234-1234-123456789012
2024-12-28T07:20:49.127Z [info] UserController successfully initialized with runtime, secureFnc, and checkGroupsFnc.
2024-12-28T07:21:19.422Z [info] UserController successfully initialized with runtime, secureFnc, and checkGroupsFnc.
2024-12-28T07:21:51.730Z [info] UserController successfully initialized with runtime, secureFnc, and checkGroupsFnc.
2024-12-28T07:21:54.938Z [info] UserController successfully initialized with runtime, secureFnc, and checkGroupsFnc.
2024-12-28T07:21:58.185Z [info] UserController successfully initialized with runtime, secureFnc, and checkGroupsFnc.
2024-12-28T07:22:02.501Z [info] UserController successfully initialized with runtime, secureFnc, and checkGroupsFnc.
2024-12-28T07:22:05.731Z [info] UserController successfully initialized with runtime, secureFnc, and checkGroupsFnc.
2024-12-28T07:22:10.793Z [info] UserController successfully initialized with runtime, secureFnc, and checkGroupsFnc.
2024-12-28T07:22:41.918Z [info] UserController successfully initialized with runtime, secureFnc, and checkGroupsFnc.
2024-12-28T07:22:52.998Z [info] UserController successfully initialized with runtime, secureFnc, and checkGroupsFnc.
2024-12-28T07:27:45.696Z [info] UserController successfully initialized with runtime, secureFnc, and checkGroupsFnc.
2024-12-28T07:35:37.155Z [info] UserController successfully initialized with runtime, secureFnc, and checkGroupsFnc.
2024-12-28T07:36:01.381Z [info] UserController successfully initialized with runtime, secureFnc, and checkGroupsFnc.
2024-12-28T07:36:08.582Z [info] UserController successfully initialized with runtime, secureFnc, and checkGroupsFnc.
2024-12-28T08:00:26.724Z [info] UserController successfully initialized with runtime, secureFnc, and checkGroupsFnc.
2024-12-28T08:13:16.636Z [info] UserController successfully initialized with runtime, secureFnc, and checkGroupsFnc.
2024-12-28T08:13:50.339Z [info] UserController successfully initialized with runtime, secureFnc, and checkGroupsFnc.
2024-12-28T08:22:30.748Z [info] UserController successfully initialized with runtime, secureFnc, and checkGroupsFnc.
2024-12-28T10:25:57.997Z [info] UserController successfully initialized with runtime, secureFnc, and checkGroupsFnc.
2024-12-28T10:26:38.376Z [info] UserController successfully initialized with runtime, secureFnc, and checkGroupsFnc.
2024-12-28T10:32:08.336Z [info] UserController successfully initialized with runtime, secureFnc, and checkGroupsFnc.
2024-12-28T10:34:56.204Z [info] UserController successfully initialized with runtime, secureFnc, and checkGroupsFnc.
2024-12-28T10:39:07.146Z [info] UserController successfully initialized with runtime, secureFnc, and checkGroupsFnc.
2024-12-28T10:40:09.326Z [info] UserController successfully initialized with runtime, secureFnc, and checkGroupsFnc.
2024-12-28T10:42:13.028Z [warn] User creation failed: group "AdminGroup" does not exist
2024-12-28T10:43:32.346Z [info] UserController successfully initialized with runtime, secureFnc, and checkGroupsFnc.
2024-12-28T10:44:23.171Z [warn] User creation failed: group "Admin" does not exist
2024-12-28T10:44:29.307Z [warn] User creation failed: group "admin" does not exist
2024-12-28T10:45:04.935Z [info] UserController successfully initialized with runtime, secureFnc, and checkGroupsFnc.
2024-12-28T10:45:06.427Z [warn] User creation failed: group "admin" does not exist
2024-12-28T10:46:42.114Z [info] UserController successfully initialized with runtime, secureFnc, and checkGroupsFnc.
2024-12-28T10:47:01.926Z [info] UserController successfully initialized with runtime, secureFnc, and checkGroupsFnc.
2024-12-28T10:47:35.765Z [info] UserController successfully initialized with runtime, secureFnc, and checkGroupsFnc.
2024-12-28T10:47:48.931Z [info] UserController successfully initialized with runtime, secureFnc, and checkGroupsFnc.
2024-12-28T10:48:22.484Z [info] UserController successfully initialized with runtime, secureFnc, and checkGroupsFnc.
2024-12-28T10:48:48.094Z [info] Fetched all groups successfully
2024-12-28T10:49:15.767Z [info] UserController successfully initialized with runtime, secureFnc, and checkGroupsFnc.
2024-12-28T10:49:51.254Z [info] Fetched all groups successfully
2024-12-28T10:50:31.391Z [info] Group created successfully: admin
2024-12-28T10:50:38.361Z [info] Fetched all groups successfully
2024-12-28T10:51:47.211Z [info] Fetched all groups successfully
2024-12-28T10:52:51.841Z [info] UserController successfully initialized with runtime, secureFnc, and checkGroupsFnc.
2024-12-28T10:56:23.642Z [info] UserController successfully initialized with runtime, secureFnc, and checkGroupsFnc.
2024-12-28T10:56:28.477Z [info] Fetched all groups successfully
2024-12-28T10:56:33.233Z [error] api post groups: 
Invalid `prisma.group.create()` invocation:


Unique constraint failed on the fields: (`name`)
2024-12-28T10:56:33.237Z [error] api post groups: 
Invalid `prisma.group.create()` invocation:


Unique constraint failed on the fields: (`name`)
2024-12-28T10:58:08.882Z [info] UserController successfully initialized with runtime, secureFnc, and checkGroupsFnc.
2024-12-28T10:58:11.790Z [info] Fetched all groups successfully
2024-12-28T10:58:18.788Z [info] Group created successfully: admin2
2024-12-28T10:59:47.474Z [info] UserController successfully initialized with runtime, secureFnc, and checkGroupsFnc.
2024-12-28T11:00:10.241Z [info] UserController successfully initialized with runtime, secureFnc, and checkGroupsFnc.
2024-12-28T11:00:51.645Z [info] UserController successfully initialized with runtime, secureFnc, and checkGroupsFnc.
2024-12-28T11:01:00.284Z [info] UserController successfully initialized with runtime, secureFnc, and checkGroupsFnc.
2024-12-28T11:01:17.606Z [info] UserController successfully initialized with runtime, secureFnc, and checkGroupsFnc.
2024-12-28T11:01:37.824Z [info] UserController successfully initialized with runtime, secureFnc, and checkGroupsFnc.
2024-12-28T11:02:13.335Z [info] Fetched all groups successfully
2024-12-28T11:04:32.683Z [info] UserController successfully initialized with runtime, secureFnc, and checkGroupsFnc.
2024-12-28T11:06:04.869Z [info] UserController successfully initialized with runtime, secureFnc, and checkGroupsFnc.
2024-12-28T11:07:52.512Z [info] UserController successfully initialized with runtime, secureFnc, and checkGroupsFnc.
2024-12-28T11:08:33.144Z [info] UserController successfully initialized with runtime, secureFnc, and checkGroupsFnc.
2024-12-28T11:09:46.257Z [info] UserController successfully initialized with runtime, secureFnc, and checkGroupsFnc.
2024-12-28T11:09:56.622Z [info] UserController successfully initialized with runtime, secureFnc, and checkGroupsFnc.
2024-12-28T11:10:01.219Z [info] Fetched all groups successfully
2024-12-28T11:10:47.552Z [info] Fetched all groups successfully
2024-12-28T11:10:54.179Z [info] Group created successfully: admin
2024-12-28T11:11:12.085Z [info] UserController successfully initialized with runtime, secureFnc, and checkGroupsFnc.
2024-12-28T11:11:34.341Z [info] UserController successfully initialized with runtime, secureFnc, and checkGroupsFnc.
2024-12-28T11:11:54.735Z [info] Fetched all groups successfully
2024-12-28T11:12:27.170Z [info] UserController successfully initialized with runtime, secureFnc, and checkGroupsFnc.
2024-12-28T11:12:44.988Z [info] UserController successfully initialized with runtime, secureFnc, and checkGroupsFnc.
2024-12-28T11:12:58.834Z [info] UserController successfully initialized with runtime, secureFnc, and checkGroupsFnc.
2024-12-28T11:13:25.817Z [info] UserController successfully initialized with runtime, secureFnc, and checkGroupsFnc.
2024-12-28T11:14:13.168Z [info] Fetched all users successfully
2024-12-28T11:15:34.264Z [info] User created successfully: john_doe
2024-12-28T11:17:31.918Z [info] UserController successfully initialized with runtime, secureFnc, and checkGroupsFnc.
2024-12-28T11:17:42.271Z [info] UserController successfully initialized with runtime, secureFnc, and checkGroupsFnc.
2024-12-28T11:18:03.300Z [info] UserController successfully initialized with runtime, secureFnc, and checkGroupsFnc.
2024-12-28T11:18:12.668Z [info] UserController successfully initialized with runtime, secureFnc, and checkGroupsFnc.
2024-12-28T11:18:36.370Z [info] Fetched all users successfully
2024-12-28T11:19:21.425Z [info] User deleted successfully: 27d5e0f9-432d-4058-9872-bbdf8148bd1e
2024-12-28T11:19:26.281Z [info] Fetched all users successfully
2024-12-28T11:19:32.748Z [info] User created successfully: john_doe
2024-12-28T11:19:35.789Z [info] Fetched all users successfully
2024-12-28T11:20:24.209Z [info] UserController successfully initialized with runtime, secureFnc, and checkGroupsFnc.
2024-12-28T11:21:07.057Z [info] UserController successfully initialized with runtime, secureFnc, and checkGroupsFnc.
2024-12-28T11:21:49.866Z [info] UserController successfully initialized with runtime, secureFnc, and checkGroupsFnc.
2024-12-28T11:22:10.604Z [info] UserController successfully initialized with runtime, secureFnc, and checkGroupsFnc.
2024-12-28T11:22:58.440Z [info] UserController successfully initialized with runtime, secureFnc, and checkGroupsFnc.
2024-12-28T11:23:32.188Z [info] UserController successfully initialized with runtime, secureFnc, and checkGroupsFnc.
2024-12-28T11:24:00.191Z [info] UserController successfully initialized with runtime, secureFnc, and checkGroupsFnc.
2024-12-28T11:24:23.627Z [info] UserController successfully initialized with runtime, secureFnc, and checkGroupsFnc.
2024-12-28T11:24:45.218Z [info] Fetched all users successfully
2024-12-28T11:25:06.001Z [info] Fetched all users successfully
2024-12-28T11:25:11.944Z [info] Fetched all users successfully
2024-12-28T11:27:46.907Z [info] User deleted successfully: 69583cc5-fece-48de-bece-acc19b3f4ed7
2024-12-28T11:27:50.566Z [info] User created successfully: john_doe
2024-12-28T11:27:54.974Z [info] Fetched all users successfully
2024-12-28T11:28:09.930Z [info] Fetched all users successfully
2024-12-28T11:28:32.828Z [info] Fetched all users successfully
2024-12-28T11:29:11.501Z [info] UserController successfully initialized with runtime, secureFnc, and checkGroupsFnc.
2024-12-28T11:29:48.954Z [info] UserController successfully initialized with runtime, secureFnc, and checkGroupsFnc.
2024-12-28T11:30:56.958Z [info] UserController successfully initialized with runtime, secureFnc, and checkGroupsFnc.
2024-12-28T11:31:14.293Z [info] UserController successfully initialized with runtime, secureFnc, and checkGroupsFnc.
2024-12-28T11:31:31.970Z [info] Fetched all users successfully
2024-12-28T11:32:02.087Z [info] User deleted successfully: d0159bb8-b990-41e9-be47-26845d42b64b
2024-12-28T11:32:06.548Z [info] User created successfully: john_doe
2024-12-28T11:33:14.099Z [info] UserController successfully initialized with runtime, secureFnc, and checkGroupsFnc.
2024-12-28T11:33:15.197Z [info] Fetched all users successfully
2024-12-28T11:33:26.970Z [info] User deleted successfully: 6c65fab9-c139-4bc0-9051-332ef0f71da7
2024-12-28T11:33:31.446Z [info] User created successfully: john_doe
2024-12-28T11:34:02.539Z [info] Fetched all users successfully
2024-12-28T11:34:21.381Z [info] Fetched all users successfully
2024-12-28T11:34:27.337Z [info] Fetched all users successfully
2024-12-28T11:58:56.269Z [info] UserController successfully initialized with runtime, secureFnc, and checkGroupsFnc.
2024-12-28T12:01:26.480Z [info] UserController successfully initialized with runtime, secureFnc, and checkGroupsFnc.
2024-12-28T12:01:30.116Z [info] UserController successfully initialized with runtime, secureFnc, and checkGroupsFnc.
2024-12-28T12:02:24.910Z [info] UserController successfully initialized with runtime, secureFnc, and checkGroupsFnc.
2024-12-28T12:03:25.649Z [info] UserController successfully initialized with runtime, secureFnc, and checkGroupsFnc.
2024-12-28T12:04:20.014Z [info] UserController successfully initialized with runtime, secureFnc, and checkGroupsFnc.
2024-12-28T12:04:36.156Z [info] UserController successfully initialized with runtime, secureFnc, and checkGroupsFnc.
2024-12-28T12:05:48.618Z [info] UserController successfully initialized with runtime, secureFnc, and checkGroupsFnc.
2024-12-28T12:08:35.420Z [info] UserController successfully initialized with runtime, secureFnc, and checkGroupsFnc.
2024-12-28T12:14:17.853Z [info] Fetched all users successfully
2024-12-28T12:14:39.596Z [info] Created new project: abuzeit for user: a27bc5dd-a2b3-4c92-9ff0-36efae785280
2024-12-28T12:15:05.727Z [error] api create project: 
Invalid `prisma.project.create()` invocation:


Unique constraint failed on the fields: (`name`,`userId`)
